Unity Editor version:    2021.3.22f1 (b6c551784ba3)
Branch:                  2021.3/staging
Build type:              Release
Batch mode:              YES
macOS version:           Version 26.1 (Build 25B78)
Darwin version:          25.1.0
Architecture:            arm64
Running under Rosetta:   NO
Available memory:        16384 MB
Using pre-set license
Pro License: YES

COMMAND LINE ARGUMENTS:
/Applications/Unity/Hub/Editor/2021.3.10f1/2021.3.22f1/Unity.app/Contents/MacOS/Unity
-adb2
-batchMode
-noUpm
-name
AssetImportWorker2
-projectPath
/Users/ganghyeongyu/Documents/GitHub/city_simulation/city_simulation-main/city_simulation-main/city_simulation unity
-logFile
Logs/AssetImportWorker2.log
-srvPort
49394
Successfully changed project path to: /Users/ganghyeongyu/Documents/GitHub/city_simulation/city_simulation-main/city_simulation-main/city_simulation unity
/Users/ganghyeongyu/Documents/GitHub/city_simulation/city_simulation-main/city_simulation-main/city_simulation unity
[UnityMemory] Configuration Parameters - Can be set up in boot.config
    "memorysetup-bucket-allocator-granularity=16"
    "memorysetup-bucket-allocator-bucket-count=8"
    "memorysetup-bucket-allocator-block-size=33554432"
    "memorysetup-bucket-allocator-block-count=8"
    "memorysetup-main-allocator-block-size=16777216"
    "memorysetup-thread-allocator-block-size=16777216"
    "memorysetup-gfx-main-allocator-block-size=16777216"
    "memorysetup-gfx-thread-allocator-block-size=16777216"
    "memorysetup-cache-allocator-block-size=4194304"
    "memorysetup-typetree-allocator-block-size=2097152"
    "memorysetup-profiler-bucket-allocator-granularity=16"
    "memorysetup-profiler-bucket-allocator-bucket-count=8"
    "memorysetup-profiler-bucket-allocator-block-size=33554432"
    "memorysetup-profiler-bucket-allocator-block-count=8"
    "memorysetup-profiler-allocator-block-size=16777216"
    "memorysetup-profiler-editor-allocator-block-size=1048576"
    "memorysetup-temp-allocator-size-main=16777216"
    "memorysetup-job-temp-allocator-block-size=2097152"
    "memorysetup-job-temp-allocator-block-size-background=1048576"
    "memorysetup-job-temp-allocator-reduction-small-platforms=262144"
    "memorysetup-temp-allocator-size-background-worker=32768"
    "memorysetup-temp-allocator-size-job-worker=262144"
    "memorysetup-temp-allocator-size-preload-manager=33554432"
    "memorysetup-temp-allocator-size-nav-mesh-worker=65536"
    "memorysetup-temp-allocator-size-audio-worker=65536"
    "memorysetup-temp-allocator-size-cloud-worker=32768"
    "memorysetup-temp-allocator-size-gi-baking-worker=262144"
    "memorysetup-temp-allocator-size-gfx=262144"
Player connection [8394236032] Host "[IP] 172.30.1.12 [Port] 0 [Flags] 2 [Guid] 3467416563 [EditorId] 3467416563 [Version] 1048832 [Id] OSXEditor(0,ganghyeongyuui-MacBookPro.local) [Debug] 1 [PackageName] OSXEditor [ProjectName] Editor" joined multi-casting on [225.0.0.222:54997]...

Player connection [8394236032] Host "[IP] 172.30.1.12 [Port] 0 [Flags] 2 [Guid] 3467416563 [EditorId] 3467416563 [Version] 1048832 [Id] OSXEditor(0,ganghyeongyuui-MacBookPro.local) [Debug] 1 [PackageName] OSXEditor [ProjectName] Editor" joined alternative multi-casting on [225.0.0.222:34997]...

Refreshing native plugins compatible for Editor in 61.19 ms, found 2 plugins.
Preloading 0 native plugins for Editor in 0.00 ms.
Initialize engine version: 2021.3.22f1 (b6c551784ba3)
[Subsystems] Discovering subsystems at path /Applications/Unity/Hub/Editor/2021.3.10f1/2021.3.22f1/Unity.app/Contents/Resources/UnitySubsystems
[Subsystems] Discovering subsystems at path /Users/ganghyeongyu/Documents/GitHub/city_simulation/city_simulation-main/city_simulation-main/city_simulation unity/Assets
GfxDevice: creating device client; threaded=0; jobified=0
 preferred device: Apple M1 (high power)
Metal devices available: 1
0: Apple M1 (high power)
Using device Apple M1 (high power)
Initializing Metal device caps: Apple M1
Initialize mono
Mono path[0] = '/Applications/Unity/Hub/Editor/2021.3.10f1/2021.3.22f1/Unity.app/Contents/Managed'
Mono path[1] = '/Applications/Unity/Hub/Editor/2021.3.10f1/2021.3.22f1/Unity.app/Contents/MonoBleedingEdge/lib/mono/unityjit-macos'
Mono config path = '/Applications/Unity/Hub/Editor/2021.3.10f1/2021.3.22f1/Unity.app/Contents/MonoBleedingEdge/etc'
Using monoOptions --debugger-agent=transport=dt_socket,embedding=1,server=y,suspend=n,address=127.0.0.1:56880
Begin MonoManager ReloadAssembly
Registering precompiled unity dll's ...
Register platform support module: /Applications/Unity/Hub/Editor/2021.3.10f1/2021.3.22f1/Unity.app/Contents/PlaybackEngines/MacStandaloneSupport/UnityEditor.OSXStandalone.Extensions.dll
Registered in 0.000616 seconds.
Native extension for OSXStandalone target not found
Refreshing native plugins compatible for Editor in 58.16 ms, found 2 plugins.
Preloading 0 native plugins for Editor in 0.00 ms.
Mono: successfully reloaded assembly
- Completed reload, in  0.395 seconds
Domain Reload Profiling:
	ReloadAssembly (395ms)
		BeginReloadAssembly (49ms)
			ExecutionOrderSort (0ms)
			DisableScriptedObjects (0ms)
			BackupInstance (0ms)
			ReleaseScriptingObjects (0ms)
			CreateAndSetChildDomain (0ms)
		EndReloadAssembly (290ms)
			LoadAssemblies (49ms)
			RebuildTransferFunctionScriptingTraits (0ms)
			SetupTypeCache (72ms)
			ReleaseScriptCaches (0ms)
			RebuildScriptCaches (20ms)
			SetupLoadedEditorAssemblies (172ms)
				LogAssemblyErrors (0ms)
				InitializePlatformSupportModulesInManaged (4ms)
				SetLoadedEditorAssemblies (0ms)
				RefreshPlugins (58ms)
				BeforeProcessingInitializeOnLoad (1ms)
				ProcessInitializeOnLoadAttributes (84ms)
				ProcessInitializeOnLoadMethodAttributes (25ms)
				AfterProcessingInitializeOnLoad (0ms)
				EditorAssembliesLoaded (0ms)
			ExecutionOrderSort2 (0ms)
			AwakeInstancesAfterBackupRestoration (0ms)
Platform modules already initialized, skipping
Registering precompiled user dll's ...
Registered in 0.002510 seconds.
Begin MonoManager ReloadAssembly
Symbol file LoadedFromMemory doesn't match image /Users/ganghyeongyu/Documents/GitHub/city_simulation/city_simulation-main/city_simulation-main/city_simulation unity/Library/PackageCache/com.unity.visualscripting@1.8.0/Editor/VisualScripting.Core/Dependencies/YamlDotNet/Unity.VisualScripting.YamlDotNet.dll
Symbol file LoadedFromMemory doesn't match image /Users/ganghyeongyu/Documents/GitHub/city_simulation/city_simulation-main/city_simulation-main/city_simulation unity/Library/PackageCache/com.unity.visualscripting@1.8.0/Editor/VisualScripting.Core/Dependencies/DotNetZip/Unity.VisualScripting.IonicZip.dll
Native extension for OSXStandalone target not found
Refreshing native plugins compatible for Editor in 0.32 ms, found 2 plugins.
Preloading 0 native plugins for Editor in 0.00 ms.
Mono: successfully reloaded assembly
- Completed reload, in  0.613 seconds
Domain Reload Profiling:
	ReloadAssembly (613ms)
		BeginReloadAssembly (73ms)
			ExecutionOrderSort (0ms)
			DisableScriptedObjects (3ms)
			BackupInstance (0ms)
			ReleaseScriptingObjects (0ms)
			CreateAndSetChildDomain (17ms)
		EndReloadAssembly (478ms)
			LoadAssemblies (54ms)
			RebuildTransferFunctionScriptingTraits (0ms)
			SetupTypeCache (176ms)
			ReleaseScriptCaches (0ms)
			RebuildScriptCaches (34ms)
			SetupLoadedEditorAssemblies (201ms)
				LogAssemblyErrors (0ms)
				InitializePlatformSupportModulesInManaged (2ms)
				SetLoadedEditorAssemblies (0ms)
				RefreshPlugins (0ms)
				BeforeProcessingInitializeOnLoad (51ms)
				ProcessInitializeOnLoadAttributes (136ms)
				ProcessInitializeOnLoadMethodAttributes (11ms)
				AfterProcessingInitializeOnLoad (1ms)
				EditorAssembliesLoaded (0ms)
			ExecutionOrderSort2 (0ms)
			AwakeInstancesAfterBackupRestoration (2ms)
Platform modules already initialized, skipping
========================================================================
Worker process is ready to serve import requests
Launching external process: /Applications/Unity/Hub/Editor/2021.3.10f1/2021.3.22f1/Unity.app/Contents/Tools/UnityShaderCompiler
Launched and connected shader compiler UnityShaderCompiler after 0.03 seconds
Refreshing native plugins compatible for Editor in 0.31 ms, found 2 plugins.
Preloading 0 native plugins for Editor in 0.00 ms.
Unloading 3047 Unused Serialized files (Serialized files now loaded: 0)
Unloading 22 unused Assets / (296.1 KB). Loaded Objects now: 3509.
Memory consumption went from 103.1 MB to 102.8 MB.
Total: 2.347417 ms (FindLiveObjects: 0.114792 ms CreateObjectMapping: 0.037334 ms MarkObjects: 2.145958 ms  DeleteObjects: 0.048833 ms)

AssetImportParameters requested are different than current active one (requested -> active):
  custom:video-decoder-ogg-theora: a1e56fd34408186e4bbccfd4996cb3dc -> 
  custom:container-muxer-webm: aa71ff27fc2769a1b78a27578f13a17b -> 
  custom:container-demuxer-webm: 4f35f7cbe854078d1ac9338744f61a02 -> 
  custom:video-encoder-webm-vp8: eb34c28f22e8b96e1ab97ce403110664 -> 
  custom:framework-osx-AVFoundation: e770b220cccbd017edd2c1fefb359320 -> 
  custom:audio-encoder-webm-vorbis: bf7c407c2cedff20999df2af8eb42d56 -> 
  custom:container-demuxer-ogg: 62fdf1f143b41e24485cea50d1cbac27 -> 
  custom:video-decoder-webm-vp8: 9c59270c3fd7afecdb556c50c9e8de78 -> 
  custom:audio-decoder-ogg-vorbis: bf7c407c2cedff20999df2af8eb42d56 -> 
========================================================================
Received Import Request.
  Time since last request: 1072.139156 seconds.
  path: Assets/Texture_Color.png
  artifactKey: Guid(72ce41d3ecbea5a4e935c20665be0ba1) Importer(815301076,1909f56bfc062723c751e8b465ee728b)
Start importing Assets/Texture_Color.png using Guid(72ce41d3ecbea5a4e935c20665be0ba1) Importer(815301076,1909f56bfc062723c751e8b465ee728b)  -> (artifact id: '1f041755f1e866d2066c5f76f8dd3854') in 0.957606 seconds 
========================================================================
Received Import Request.
  Time since last request: 0.000070 seconds.
  path: Assets/CITTA_FINALE_03.fbx
  artifactKey: Guid(2727aada50b0d4342906a026ec72968a) Importer(815301076,1909f56bfc062723c751e8b465ee728b)
Start importing Assets/CITTA_FINALE_03.fbx using Guid(2727aada50b0d4342906a026ec72968a) Importer(815301076,1909f56bfc062723c751e8b465ee728b)  -> (artifact id: '60f18993a244ffee51a0a7c22fdb2719') in 5.429612 seconds 
========================================================================
Received Import Request.
  Time since last request: 2.953935 seconds.
  path: Assets/Scenes
  artifactKey: Guid(6ea315d0fd7389c41b19996891e99ae3) Importer(815301076,1909f56bfc062723c751e8b465ee728b)
Start importing Assets/Scenes using Guid(6ea315d0fd7389c41b19996891e99ae3) Importer(815301076,1909f56bfc062723c751e8b465ee728b)  -> (artifact id: 'b8193726cff86800c54781cdc6d54904') in 0.003327 seconds 
========================================================================
Received Import Request.
  Time since last request: 1.259538 seconds.
  path: Assets/Scenes/SampleScene.unity
  artifactKey: Guid(9fc0d4010bbf28b4594072e72b8655ab) Importer(815301076,1909f56bfc062723c751e8b465ee728b)
Start importing Assets/Scenes/SampleScene.unity using Guid(9fc0d4010bbf28b4594072e72b8655ab) Importer(815301076,1909f56bfc062723c751e8b465ee728b)  -> (artifact id: 'e1661d86a7d84ec7a6128969adb7dd86') in 0.001113 seconds 
========================================================================
Received Import Request.
  Time since last request: 3053.750706 seconds.
  path: Assets/Materials/Texture_Color.mat
  artifactKey: Guid(4aecdfc012fe346c7bcbbf2b16a99a8d) Importer(815301076,1909f56bfc062723c751e8b465ee728b)
Start importing Assets/Materials/Texture_Color.mat using Guid(4aecdfc012fe346c7bcbbf2b16a99a8d) Importer(815301076,1909f56bfc062723c751e8b465ee728b)  -> (artifact id: '2c811dd1591f72ecaf05647884433599') in 0.403330 seconds 
========================================================================
Received Import Request.
  Time since last request: 0.000066 seconds.
  path: Assets/Materials/Texture_varie_.mat
  artifactKey: Guid(a025e31d2c77c5e41b43138427d5f758) Importer(815301076,1909f56bfc062723c751e8b465ee728b)
Start importing Assets/Materials/Texture_varie_.mat using Guid(a025e31d2c77c5e41b43138427d5f758) Importer(815301076,1909f56bfc062723c751e8b465ee728b)  -> (artifact id: '16ef821897f057c2459993108978d4cb') in 0.013636 seconds 
========================================================================
Received Import Request.
  Time since last request: 19.554564 seconds.
  path: Assets/Materials/New Material.mat
  artifactKey: Guid(c903b41b0089742fd874e49495a874e7) Importer(815301076,1909f56bfc062723c751e8b465ee728b)
Start importing Assets/Materials/New Material.mat using Guid(c903b41b0089742fd874e49495a874e7) Importer(815301076,1909f56bfc062723c751e8b465ee728b)  -> (artifact id: '15ed1af58aa14b1afbece9e1a353ba55') in 0.005970 seconds 
========================================================================
Received Import Request.
  Time since last request: 15.751077 seconds.
  path: Assets/Materials/Park_M.mat
  artifactKey: Guid(c903b41b0089742fd874e49495a874e7) Importer(815301076,1909f56bfc062723c751e8b465ee728b)
Start importing Assets/Materials/Park_M.mat using Guid(c903b41b0089742fd874e49495a874e7) Importer(815301076,1909f56bfc062723c751e8b465ee728b)  -> (artifact id: '76949dc015843c89242e9ae34b4c709e') in 0.007606 seconds 
========================================================================
Received Import Request.
  Time since last request: 92.397744 seconds.
  path: Assets/Materials
  artifactKey: Guid(62406e291d7a84ad4b244f8813786923) Importer(815301076,1909f56bfc062723c751e8b465ee728b)
Start importing Assets/Materials using Guid(62406e291d7a84ad4b244f8813786923) Importer(815301076,1909f56bfc062723c751e8b465ee728b)  -> (artifact id: '25747e5ce8973ce649d84c00c44ed281') in 0.001554 seconds 
========================================================================
Received Import Request.
  Time since last request: 47.547833 seconds.
  path: Assets/Materials/Sidewalk.mat
  artifactKey: Guid(d5e406bd2ae934e8ca0b4b832e6cf894) Importer(815301076,1909f56bfc062723c751e8b465ee728b)
Start importing Assets/Materials/Sidewalk.mat using Guid(d5e406bd2ae934e8ca0b4b832e6cf894) Importer(815301076,1909f56bfc062723c751e8b465ee728b)  -> (artifact id: 'c0c681b900d292381b78ca618861ad53') in 0.006172 seconds 
========================================================================
Received Import Request.
  Time since last request: 40.779344 seconds.
  path: Assets/Materials/Park_M.mat
  artifactKey: Guid(c903b41b0089742fd874e49495a874e7) Importer(815301076,1909f56bfc062723c751e8b465ee728b)
Start importing Assets/Materials/Park_M.mat using Guid(c903b41b0089742fd874e49495a874e7) Importer(815301076,1909f56bfc062723c751e8b465ee728b)  -> (artifact id: 'b35193a2c6160ad8b8caf1ccdd64957d') in 0.007570 seconds 
========================================================================
Received Import Request.
  Time since last request: 5423.034674 seconds.
  path: Assets/Materials/Sidewalk.mat
  artifactKey: Guid(d5e406bd2ae934e8ca0b4b832e6cf894) Importer(815301076,1909f56bfc062723c751e8b465ee728b)
Start importing Assets/Materials/Sidewalk.mat using Guid(d5e406bd2ae934e8ca0b4b832e6cf894) Importer(815301076,1909f56bfc062723c751e8b465ee728b)  -> (artifact id: 'c888b27e26167c5bbf6cac8ff03d4c79') in 0.011484 seconds 
========================================================================
Received Import Request.
  Time since last request: 5357.835730 seconds.
  path: Assets/Materials/ㄴㄴ.mat
  artifactKey: Guid(226b5b9f66fd446f4a0a9d48860e4c7d) Importer(815301076,1909f56bfc062723c751e8b465ee728b)
Start importing Assets/Materials/ㄴㄴ.mat using Guid(226b5b9f66fd446f4a0a9d48860e4c7d) Importer(815301076,1909f56bfc062723c751e8b465ee728b)  -> (artifact id: 'e39c5b7280e303248eae066a6ba07e27') in 0.012390 seconds 
========================================================================
Received Import Request.
  Time since last request: 129.084746 seconds.
  path: Assets/Materials/ㄴㄴ.mat
  artifactKey: Guid(226b5b9f66fd446f4a0a9d48860e4c7d) Importer(815301076,1909f56bfc062723c751e8b465ee728b)
Start importing Assets/Materials/ㄴㄴ.mat using Guid(226b5b9f66fd446f4a0a9d48860e4c7d) Importer(815301076,1909f56bfc062723c751e8b465ee728b)  -> (artifact id: 'bbf6217bfc84c374c09e19daacd240d2') in 0.006452 seconds 
========================================================================
Received Import Request.
  Time since last request: 1764.184031 seconds.
  path: Assets/Materials/Parking.mat
  artifactKey: Guid(cb9a625894d914bc1b253e78f81932ab) Importer(815301076,1909f56bfc062723c751e8b465ee728b)
Start importing Assets/Materials/Parking.mat using Guid(cb9a625894d914bc1b253e78f81932ab) Importer(815301076,1909f56bfc062723c751e8b465ee728b)  -> (artifact id: 'b6464d3ab4d46fdefc968c236c691bde') in 0.017122 seconds 
========================================================================
Received Import Request.
  Time since last request: 933.953514 seconds.
  path: Assets/Materials/home_parking.mat
  artifactKey: Guid(7bf4cc77510814db997d0c9154c973b9) Importer(815301076,1909f56bfc062723c751e8b465ee728b)
Start importing Assets/Materials/home_parking.mat using Guid(7bf4cc77510814db997d0c9154c973b9) Importer(815301076,1909f56bfc062723c751e8b465ee728b)  -> (artifact id: '2d9d850b2af6a4c45996ae24f9982de1') in 0.007349 seconds 
========================================================================
Received Import Request.
  Time since last request: 55.509064 seconds.
  path: Assets/Materials/home_parking.mat
  artifactKey: Guid(7bf4cc77510814db997d0c9154c973b9) Importer(815301076,1909f56bfc062723c751e8b465ee728b)
Start importing Assets/Materials/home_parking.mat using Guid(7bf4cc77510814db997d0c9154c973b9) Importer(815301076,1909f56bfc062723c751e8b465ee728b)  -> (artifact id: '875eb10b4faa5aef221d0cb9ae9c9642') in 0.006977 seconds 
